Using pre-set license
Built from '2020.3/staging' branch; Version is '2020.3.6f1 (338bb68529b2) revision 3378102'; Using compiler version '192528614'; Build Type 'Release'
OS: 'Windows 10 Pro; OS build 18363.1500; Version 1909; 64bit' Language: 'ru' Physical Memory: 32697 MB
BatchMode: 1, IsHumanControllingUs: 0, StartBugReporterOnCrash: 0, Is64bit: 1, IsPro: 0

 COMMAND LINE ARGUMENTS:
C:\Program Files\Unity\Hub\Editor\2020.3.6f1\Editor\Unity.exe
-adb2
-batchMode
-noUpm
-name
AssetImportWorker0
-projectPath
C:/Users/User/Desktop/game/game
-logFile
Logs/AssetImportWorker0.log
-srvPort
58761
Successfully changed project path to: C:/Users/User/Desktop/game/game
C:/Users/User/Desktop/game/game
Using Asset Import Pipeline V2.
Refreshing native plugins compatible for Editor in 29.64 ms, found 1 plugins.
Preloading 0 native plugins for Editor in 0.00 ms.
Initialize engine version: 2020.3.6f1 (338bb68529b2)
[Subsystems] Discovering subsystems at path C:/Program Files/Unity/Hub/Editor/2020.3.6f1/Editor/Data/Resources/UnitySubsystems
[Subsystems] Discovering subsystems at path C:/Users/User/Desktop/game/game/Assets
GfxDevice: creating device client; threaded=0
Direct3D:
    Version:  Direct3D 11.0 [level 11.1]
    Renderer: NVIDIA GeForce RTX 2080 SUPER (ID=0x1e81)
    Vendor:   
    VRAM:     8010 MB
    Driver:   27.21.14.6627
Initialize mono
Mono path[0] = 'C:/Program Files/Unity/Hub/Editor/2020.3.6f1/Editor/Data/Managed'
Mono path[1] = 'C:/Program Files/Unity/Hub/Editor/2020.3.6f1/Editor/Data/MonoBleedingEdge/lib/mono/unityjit'
Mono config path = 'C:/Program Files/Unity/Hub/Editor/2020.3.6f1/Editor/Data/MonoBleedingEdge/etc'
Using monoOptions --debugger-agent=transport=dt_socket,embedding=1,server=y,suspend=n,address=127.0.0.1:56524
Begin MonoManager ReloadAssembly
Registering precompiled unity dll's ...
Register platform support module: C:/Program Files/Unity/Hub/Editor/2020.3.6f1/Editor/Data/PlaybackEngines/WebGLSupport/UnityEditor.WebGL.Extensions.dll
Register platform support module: C:/Program Files/Unity/Hub/Editor/2020.3.6f1/Editor/Data/PlaybackEngines/WindowsStandaloneSupport/UnityEditor.WindowsStandalone.Extensions.dll
Registered in 0.001506 seconds.
Native extension for WindowsStandalone target not found
Native extension for WebGL target not found
Refreshing native plugins compatible for Editor in 30.79 ms, found 1 plugins.
Preloading 0 native plugins for Editor in 0.00 ms.
Mono: successfully reloaded assembly
- Completed reload, in  1.062 seconds
Platform modules already initialized, skipping
Registering precompiled user dll's ...
Registered in 0.000681 seconds.
Begin MonoManager ReloadAssembly
Native extension for WindowsStandalone target not found
Native extension for WebGL target not found
Refreshing native plugins compatible for Editor in 29.91 ms, found 1 plugins.
Preloading 0 native plugins for Editor in 0.00 ms.
Mono: successfully reloaded assembly
- Completed reload, in  0.750 seconds
Platform modules already initialized, skipping
========================================================================
Worker process is ready to serve import requests
Launched and connected shader compiler UnityShaderCompiler.exe after 0.04 seconds
Refreshing native plugins compatible for Editor in 0.37 ms, found 1 plugins.
Preloading 0 native plugins for Editor in 0.00 ms.
Unloading 1819 Unused Serialized files (Serialized files now loaded: 0)
System memory in use before: 91.0 MB.
System memory in use after: 90.9 MB.

Unloading 24 unused Assets to reduce memory usage. Loaded Objects now: 2274.
Total: 1.797300 ms (FindLiveObjects: 0.175900 ms CreateObjectMapping: 0.044300 ms MarkObjects: 1.466000 ms  DeleteObjects: 0.110200 ms)

========================================================================
Received Import Request.
  path: Assets/Resources/Audio
  artifactKey: Guid(c98c2e0c3dbc65e4da1c2c245fc3d12b) Importer(815301076,1909f56bfc062723c751e8b465ee728b)
Start importing Assets/Resources/Audio using Guid(c98c2e0c3dbc65e4da1c2c245fc3d12b) Importer(815301076,1909f56bfc062723c751e8b465ee728b)  -> (artifact id: '808f04ed7c0dc377788688f9ad27ab9e') in 0.012851 seconds
  Import took 0.015328 seconds .

========================================================================
Received Import Request.
  Time since last request: 12.757677 seconds.
  path: Assets/Resources/Sprites/UnitsImg
  artifactKey: Guid(ebf6cbf8d8cd1a540b618593d4f04927) Importer(815301076,1909f56bfc062723c751e8b465ee728b)
Start importing Assets/Resources/Sprites/UnitsImg using Guid(ebf6cbf8d8cd1a540b618593d4f04927) Importer(815301076,1909f56bfc062723c751e8b465ee728b)  -> (artifact id: 'df74b67efbf479f69377dec0c8c17429') in 0.009314 seconds
  Import took 0.012209 seconds .

========================================================================
Received Import Request.
  Time since last request: 15.677345 seconds.
  path: Assets/Resources/Sprites/BoardImg
  artifactKey: Guid(03c4bc02ecb41894eb1e46a410401b06) Importer(815301076,1909f56bfc062723c751e8b465ee728b)
Start importing Assets/Resources/Sprites/BoardImg using Guid(03c4bc02ecb41894eb1e46a410401b06) Importer(815301076,1909f56bfc062723c751e8b465ee728b)  -> (artifact id: '57cf2979405ff80b7cb81a2daefbe9dd') in 0.010428 seconds
  Import took 0.013453 seconds .

AssetImportWorkerClient::OnTransportError - code=2 error=End of file
